Drill report for J:\DIY\pakbd_device\rev3\pcb\pakbd\pakbd.kicad_pcb
Created on 2019/03/03 0:18:22

Copper Layer Stackup:
    =============================================================
    L1 :  F.Cu                      front
    L2 :  B.Cu                      back


Drill file 'pakbd-PTH.drl' contains
    plated through holes:
    =============================================================
    T1  0.40mm  0.016"  (158 holes)
    T2  0.76mm  0.030"  (24 holes)
    T3  0.81mm  0.032"  (4 holes)
    T4  1.00mm  0.039"  (4 holes)  (with 4 slots)

    Total plated holes count 190


Drill file 'pakbd-NPTH.drl' contains
    unplated through holes:
    =============================================================
    T1  1.20mm  0.047"  (2 holes)
    T2  1.80mm  0.071"  (74 holes)
    T3  2.20mm  0.087"  (6 holes)
    T4  3.00mm  0.118"  (74 holes)
    T5  3.05mm  0.120"  (4 holes)
    T6  4.00mm  0.157"  (41 holes)

    Total unplated holes count 201
